2025-06-09 20:09:00 | DEBUG | repo=arquillian-phantom-driver | action=commit
2025-10-18 07:45:00 | DEBUG | repo=arquillian-phantom-driver | action=commit
2025-01-09 16:14:00 | WARN | repo=arquillian-phantom-driver | action=commit
2025-11-02 11:05:00 | DEBUG | repo=arquillian-phantom-driver | action=pull
2025-11-26 08:49:00 | DEBUG | repo=arquillian-phantom-driver | action=commit
2025-05-12 13:41:00 | INFO | repo=arquillian-phantom-driver | action=commit
2025-03-01 17:25:00 | WARN | repo=arquillian-phantom-driver | action=commit
2025-06-01 16:17:00 | INFO | repo=arquillian-phantom-driver | action=commit
2025-09-14 13:49:00 | DEBUG | repo=arquillian-phantom-driver | action=test | passed=true
2025-05-02 21:32:00 | WARN | repo=arquillian-phantom-driver | action=commit
2025-09-08 20:21:00 | WARN | repo=arquillian-phantom-driver | action=commit
2025-01-11 14:29:00 | WARN | repo=arquillian-phantom-driver | action=commit
2025-01-27 07:49:00 | WARN | repo=arquillian-phantom-driver | action=commit
2025-12-02 12:46:00 | INFO | repo=arquillian-phantom-driver | action=commit
2025-02-05 07:12:00 | WARN | repo=arquillian-phantom-driver | action=commit
2025-07-07 20:42:00 | WARN | repo=arquillian-phantom-driver | action=commit
2025-04-12 07:28:00 | DEBUG | repo=arquillian-phantom-driver | action=commit
2025-04-21 08:07:00 | WARN | repo=arquillian-phantom-driver | action=commit
2025-06-28 18:34:00 | WARN | repo=arquillian-phantom-driver | action=commit
2025-11-07 21:57:00 | DEBUG | repo=arquillian-phantom-driver | action=commit
2025-06-14 08:24:00 | INFO | repo=arquillian-phantom-driver | action=commit
2025-06-09 19:16:00 | WARN | repo=arquillian-phantom-driver | action=test | passed=true
2025-09-18 17:15:00 | DEBUG | repo=arquillian-phantom-driver | action=test | passed=true
2025-04-04 16:21:00 | WARN | repo=arquillian-phantom-driver | action=commit
2025-10-22 19:34:00 | WARN | repo=arquillian-phantom-driver | action=commit
2025-11-13 12:20:00 | WARN | repo=arquillian-phantom-driver | action=commit
2025-12-23 09:09:00 | DEBUG | repo=arquillian-phantom-driver | action=commit
2025-08-13 15:45:00 | DEBUG | repo=arquillian-phantom-driver | action=commit
2025-03-03 07:51:00 | DEBUG | repo=arquillian-phantom-driver | action=commit
2025-11-09 08:55:00 | INFO | repo=arquillian-phantom-driver | action=edit | files=4
2025-02-28 15:54:00 | DEBUG | repo=arquillian-phantom-driver | action=commit
2025-05-19 18:47:00 | DEBUG | repo=arquillian-phantom-driver | action=pull
2025-09-04 16:45:00 | DEBUG | repo=arquillian-phantom-driver | action=edit | files=2
2025-01-27 19:59:00 | INFO | repo=arquillian-phantom-driver | action=commit
2025-04-23 20:28:00 | INFO | repo=arquillian-phantom-driver | action=commit
2025-11-26 16:47:00 | DEBUG | repo=arquillian-phantom-driver | action=test | passed=true
2025-12-16 07:47:00 | INFO | repo=arquillian-phantom-driver | action=commit
2025-06-03 21:42:00 | DEBUG | repo=arquillian-phantom-driver | action=edit | files=4
2025-10-11 21:26:00 | WARN | repo=arquillian-phantom-driver | action=commit
2025-06-01 20:01:00 | WARN | repo=arquillian-phantom-driver | action=commit
2025-05-25 07:14:00 | WARN | repo=arquillian-phantom-driver | action=commit
2025-06-28 15:29:00 | DEBUG | repo=arquillian-phantom-driver | action=commit
2025-10-03 09:42:00 | WARN | repo=arquillian-phantom-driver | action=commit
2025-01-15 14:29:00 | DEBUG | repo=arquillian-phantom-driver | action=commit
2025-07-11 17:21:00 | DEBUG | repo=arquillian-phantom-driver | action=commit
2025-06-02 08:03:00 | DEBUG | repo=arquillian-phantom-driver | action=pull
2025-10-27 20:27:00 | DEBUG | repo=arquillian-phantom-driver | action=commit
2025-04-07 12:39:00 | DEBUG | repo=arquillian-phantom-driver | action=test | passed=true
2025-03-05 14:38:00 | DEBUG | repo=arquillian-phantom-driver | action=commit
2025-11-22 21:14:00 | INFO | repo=arquillian-phantom-driver | action=commit
2025-06-23 08:26:00 | INFO | repo=arquillian-phantom-driver | action=test | passed=true
2025-05-11 14:24:00 | DEBUG | repo=arquillian-phantom-driver | action=test | passed=true
2025-09-22 21:09:00 | INFO | repo=arquillian-phantom-driver | action=commit
2025-11-28 09:43:00 | DEBUG | repo=arquillian-phantom-driver | action=commit
2025-12-15 11:22:00 | WARN | repo=arquillian-phantom-driver | action=test | passed=true
2025-06-19 08:39:00 | WARN | repo=arquillian-phantom-driver | action=commit
2025-11-18 07:00:00 | DEBUG | repo=arquillian-phantom-driver | action=commit
2025-04-13 18:22:00 | DEBUG | repo=arquillian-phantom-driver | action=edit | files=4
2025-02-01 21:59:00 | WARN | repo=arquillian-phantom-driver | action=commit
2025-04-12 07:55:00 | DEBUG | repo=arquillian-phantom-driver | action=commit
2025-01-08 21:25:00 | DEBUG | repo=arquillian-phantom-driver | action=commit
2025-09-12 19:02:00 | DEBUG | repo=arquillian-phantom-driver | action=commit
2025-09-10 17:52:00 | INFO | repo=arquillian-phantom-driver | action=commit
2025-03-18 21:58:00 | INFO | repo=arquillian-phantom-driver | action=edit | files=5
2025-05-23 07:38:00 | DEBUG | repo=arquillian-phantom-driver | action=commit
2025-10-14 13:36:00 | WARN | repo=arquillian-phantom-driver | action=commit
2025-08-25 09:46:00 | WARN | repo=arquillian-phantom-driver | action=commit
2025-07-05 10:29:00 | WARN | repo=arquillian-phantom-driver | action=commit
2025-04-19 10:17:00 | INFO | repo=arquillian-phantom-driver | action=commit
2025-07-17 07:20:00 | INFO | repo=arquillian-phantom-driver | action=commit
2025-06-10 07:50:00 | DEBUG | repo=arquillian-phantom-driver | action=commit
2025-05-04 21:44:00 | WARN | repo=arquillian-phantom-driver | action=commit
2025-07-11 10:16:00 | INFO | repo=arquillian-phantom-driver | action=commit
2025-12-02 14:11:00 | WARN | repo=arquillian-phantom-driver | action=commit
2025-10-06 21:56:00 | WARN | repo=arquillian-phantom-driver | action=commit
2025-11-14 15:04:00 | WARN | repo=arquillian-phantom-driver | action=commit
2025-05-20 08:10:00 | WARN | repo=arquillian-phantom-driver | action=commit
2025-10-08 20:20:00 | DEBUG | repo=arquillian-phantom-driver | action=commit
2025-04-14 19:05:00 | WARN | repo=arquillian-phantom-driver | action=commit
2025-01-08 19:52:00 | WARN | repo=arquillian-phantom-driver | action=edit | files=4
2025-01-06 14:15:00 | WARN | repo=arquillian-phantom-driver | action=commit
2025-06-05 11:12:00 | INFO | repo=arquillian-phantom-driver | action=commit
2025-12-28 18:20:00 | WARN | repo=arquillian-phantom-driver | action=commit
2025-06-09 07:56:00 | WARN | repo=arquillian-phantom-driver | action=commit
2025-11-27 08:46:00 | WARN | repo=arquillian-phantom-driver | action=commit
2025-09-06 08:03:00 | DEBUG | repo=arquillian-phantom-driver | action=commit
2025-07-18 13:20:00 | WARN | repo=arquillian-phantom-driver | action=test | passed=true
2025-08-21 10:25:00 | INFO | repo=arquillian-phantom-driver | action=edit | files=4
2025-02-10 13:48:00 | DEBUG | repo=arquillian-phantom-driver | action=commit
2025-02-24 07:47:00 | WARN | repo=arquillian-phantom-driver | action=commit
2025-08-25 16:37:00 | INFO | repo=arquillian-phantom-driver | action=commit
2025-03-22 15:05:00 | DEBUG | repo=arquillian-phantom-driver | action=commit
2025-08-25 20:23:00 | INFO | repo=arquillian-phantom-driver | action=commit
